<?xml version="1.0" encoding="UTF-8"?>
<!-- Generated by org.testng.reporters.JUnitXMLReporter -->
<testsuite ignored="0" hostname="DESKTOP-FJ2RHO0" failures="0" tests="1" name="Default test" time="293.861" errors="0" timestamp="2024-07-02T19:56:40 IST">
  <testcase classname="Main_test.Base_test" name="@BeforeTest launchapp" time="2.495">
    <failure type="org.openqa.selenium.SessionNotCreatedException" message="session not created: This version of ChromeDriver only supports Chrome version 114
Current browser version is 126.0.6478.127 with binary path C:\Program Files\Google\Chrome\Application\chrome.exe
Build info: version: &amp;apos;3.141.59&amp;apos;, revision: &amp;apos;e82be7d358&amp;apos;, time: &amp;apos;2018-11-14T08:17:03&amp;apos;
System info: host: &amp;apos;DESKTOP-FJ2RHO0&amp;apos;, ip: &amp;apos;192.168.137.1&amp;apos;, os.name: &amp;apos;Windows 11&amp;apos;, os.arch: &amp;apos;amd64&amp;apos;, os.version: &amp;apos;10.0&amp;apos;, java.version: &amp;apos;22.0.1&amp;apos;
Driver info: driver.version: ChromeDriver
remote stacktrace: Backtrace:
	GetHandleVerifier [0x0054A813+48355]
	(No symbol) [0x004DC4B1]
	(No symbol) [0x003E5358]
	(No symbol) [0x004061AC]
	(No symbol) [0x00401EF3]
	(No symbol) [0x00400579]
	(No symbol) [0x00430C55]
	(No symbol) [0x0043093C]
	(No symbol) [0x0042A536]
	(No symbol) [0x004082DC]
	(No symbol) [0x004093DD]
	GetHandleVerifier [0x007AAABD+2539405]
	GetHandleVerifier [0x007EA78F+2800735]
	GetHandleVerifier [0x007E456C+2775612]
	GetHandleVerifier [0x005D51E0+616112]
	(No symbol) [0x004E5F8C]
	(No symbol) [0x004E2328]
	(No symbol) [0x004E240B]
	(No symbol) [0x004D4FF7]
	BaseThreadInitThunk [0x76457BA9+25]
	RtlInitializeExceptionChain [0x77E4C10B+107]
	RtlClearBits [0x77E4C08F+191]
">
      <![CDATA[org.openqa.selenium.SessionNotCreatedException: session not created: This version of ChromeDriver only supports Chrome version 114
Current browser version is 126.0.6478.127 with binary path C:\Program Files\Google\Chrome\Application\chrome.exe
Build info: version: '3.141.59', revision: 'e82be7d358', time: '2018-11-14T08:17:03'
System info: host: 'DESKTOP-FJ2RHO0', ip: '192.168.137.1', os.name: 'Windows 11', os.arch: 'amd64', os.version: '10.0', java.version: '22.0.1'
Driver info: driver.version: ChromeDriver
remote stacktrace: Backtrace:
GetHandleVerifier [0x0054A813+48355]
(No symbol) [0x004DC4B1]
(No symbol) [0x003E5358]
(No symbol) [0x004061AC]
(No symbol) [0x00401EF3]
(No symbol) [0x00400579]
(No symbol) [0x00430C55]
(No symbol) [0x0043093C]
(No symbol) [0x0042A536]
(No symbol) [0x004082DC]
(No symbol) [0x004093DD]
GetHandleVerifier [0x007AAABD+2539405]
GetHandleVerifier [0x007EA78F+2800735]
GetHandleVerifier [0x007E456C+2775612]
GetHandleVerifier [0x005D51E0+616112]
(No symbol) [0x004E5F8C]
(No symbol) [0x004E2328]
(No symbol) [0x004E240B]
(No symbol) [0x004D4FF7]
BaseThreadInitThunk [0x76457BA9+25]
RtlInitializeExceptionChain [0x77E4C10B+107]
RtlClearBits [0x77E4C08F+191]

at java.base/jdk.internal.reflect.DirectConstructorHandleAccessor.newInstance(DirectConstructorHandleAccessor.java:62)
at java.base/java.lang.reflect.Constructor.newInstanceWithCaller(Constructor.java:502)
at java.base/java.lang.reflect.Constructor.newInstance(Constructor.java:486)
at org.openqa.selenium.remote.W3CHandshakeResponse.lambda$errorHandler$0(W3CHandshakeResponse.java:62)
at org.openqa.selenium.remote.HandshakeResponse.lambda$getResponseFunction$0(HandshakeResponse.java:30)
at org.openqa.selenium.remote.ProtocolHandshake.lambda$createSession$0(ProtocolHandshake.java:126)
at java.base/java.util.stream.ReferencePipeline$3$1.accept(ReferencePipeline.java:212)
at java.base/java.util.Spliterators$ArraySpliterator.tryAdvance(Spliterators.java:1034)
at java.base/java.util.stream.ReferencePipeline.forEachWithCancel(ReferencePipeline.java:144)
at java.base/java.util.stream.AbstractPipeline.copyIntoWithCancel(AbstractPipeline.java:574)
at java.base/java.util.stream.AbstractPipeline.copyInto(AbstractPipeline.java:560)
at java.base/java.util.stream.AbstractPipeline.wrapAndCopyInto(AbstractPipeline.java:546)
at java.base/java.util.stream.FindOps$FindOp.evaluateSequential(FindOps.java:150)
at java.base/java.util.stream.AbstractPipeline.evaluate(AbstractPipeline.java:265)
at java.base/java.util.stream.ReferencePipeline.findFirst(ReferencePipeline.java:662)
at org.openqa.selenium.remote.ProtocolHandshake.createSession(ProtocolHandshake.java:128)
at org.openqa.selenium.remote.ProtocolHandshake.createSession(ProtocolHandshake.java:74)
at org.openqa.selenium.remote.HttpCommandExecutor.execute(HttpCommandExecutor.java:136)
at org.openqa.selenium.remote.service.DriverCommandExecutor.execute(DriverCommandExecutor.java:83)
at org.openqa.selenium.remote.RemoteWebDriver.execute(RemoteWebDriver.java:552)
at org.openqa.selenium.remote.RemoteWebDriver.startSession(RemoteWebDriver.java:213)
at org.openqa.selenium.remote.RemoteWebDriver.<init>(RemoteWebDriver.java:131)
at org.openqa.selenium.chrome.ChromeDriver.<init>(ChromeDriver.java:181)
at org.openqa.selenium.chrome.ChromeDriver.<init>(ChromeDriver.java:168)
at org.openqa.selenium.chrome.ChromeDriver.<init>(ChromeDriver.java:123)
at Main_test.Base_test.launchapp(Base_test.java:70)
at java.base/jdk.internal.reflect.DirectMethodHandleAccessor.invoke(DirectMethodHandleAccessor.java:103)
at java.base/java.lang.reflect.Method.invoke(Method.java:580)
at org.testng.internal.MethodInvocationHelper.invokeMethod(MethodInvocationHelper.java:132)
at org.testng.internal.MethodInvocationHelper.invokeMethodConsideringTimeout(MethodInvocationHelper.java:61)
at org.testng.internal.ConfigInvoker.invokeConfigurationMethod(ConfigInvoker.java:366)
at org.testng.internal.ConfigInvoker.invokeConfigurations(ConfigInvoker.java:320)
at org.testng.TestRunner.invokeTestConfigurations(TestRunner.java:617)
at org.testng.TestRunner.beforeRun(TestRunner.java:607)
at org.testng.TestRunner.run(TestRunner.java:578)
at org.testng.SuiteRunner.runTest(SuiteRunner.java:384)
at org.testng.SuiteRunner.runSequentially(SuiteRunner.java:378)
at org.testng.SuiteRunner.privateRun(SuiteRunner.java:337)
at org.testng.SuiteRunner.run(SuiteRunner.java:286)
at org.testng.SuiteRunnerWorker.runSuite(SuiteRunnerWorker.java:53)
at org.testng.SuiteRunnerWorker.run(SuiteRunnerWorker.java:96)
at org.testng.TestNG.runSuitesSequentially(TestNG.java:1218)
at org.testng.TestNG.runSuitesLocally(TestNG.java:1140)
at org.testng.TestNG.runSuites(TestNG.java:1069)
at org.testng.TestNG.run(TestNG.java:1037)
at org.testng.remote.AbstractRemoteTestNG.run(AbstractRemoteTestNG.java:115)
at org.testng.remote.RemoteTestNG.initAndRun(RemoteTestNG.java:293)
at org.testng.remote.RemoteTestNG.main(RemoteTestNG.java:91)
]]>
    </failure>
  </testcase> <!-- @BeforeTest launchapp -->
  <testcase classname="Main_test.Base_test" name="@AfterTest closeapp" time="-1.719930400629E9">
    <skipped/>
  </testcase> <!-- @AfterTest closeapp -->
  <testcase classname="Main_test.Main_test_with_Dataprovider" name="Booking_tickets" time="0.0">
    <skipped/>
  </testcase> <!-- Booking_tickets -->
</testsuite> <!-- Default test -->
